<?xml version="1.0" encoding="UTF-8"?>
<!-- Generated by org.testng.reporters.JUnitReportReporter -->
<testsuite skipped="0" hostname="LAPTOP-94EP1FIV" name="testCases.TestCase_001" tests="2" failures="0" timestamp="24 Jun 2020 06:28:12 GMT" time="3.276" errors="0">
  <testcase name="getGameCollection" time="0.125" classname="testCases.TestCase_001"/>
  <testcase name="getAPI" time="3.151" classname="testCases.TestCase_001"/>
</testsuite> <!-- testCases.TestCase_001 -->
