<?xml version="1.0" encoding="UTF-8"?>
<!-- Generated by org.testng.reporters.JUnitReportReporter -->
<testsuite skipped="0" hostname="LAPTOP-94EP1FIV" name="testCases.TestCase_001" tests="1" failures="0" timestamp="24 Jun 2020 03:25:02 GMT" time="0.002" errors="0">
  <testcase name="getGameCollection" time="0.002" classname="testCases.TestCase_001"/>
</testsuite> <!-- testCases.TestCase_001 -->
